2022-03-24 09:39:09,139 INFO com.fabienit.biblioweb.BibliowebApplication [main] No active profile set, falling back to default profiles: default
2022-03-24 09:39:11,924 INFO com.fabienit.biblioweb.BibliowebApplication [main] Started BibliowebApplication in 4.044 seconds (JVM running for 4.911)
2022-03-24 09:39:52,814 INFO com.fabienit.biblioweb.web.controllers.WebappController [http-nio-8002-exec-1] Reach url: / - GET
2022-03-24 09:58:51,155 INFO com.fabienit.biblioweb.web.controllers.WebappController [http-nio-8002-exec-1] Reach url: / - GET
2022-03-24 10:16:51,378 INFO com.fabienit.biblioweb.BibliowebApplication [main] No active profile set, falling back to default profiles: default
2022-03-24 10:16:54,303 INFO com.fabienit.biblioweb.BibliowebApplication [main] Started BibliowebApplication in 3.947 seconds (JVM running for 4.825)
2022-03-28 10:18:31,981 INFO com.fabienit.biblioweb.BibliowebApplication [main] No active profile set, falling back to default profiles: default
2022-03-28 10:18:37,134 INFO com.fabienit.biblioweb.BibliowebApplication [main] Started BibliowebApplication in 7.127 seconds (JVM running for 9.396)
2022-03-28 10:20:13,194 INFO com.fabienit.biblioweb.web.controllers.WebappController [http-nio-8002-exec-1] Reach url: / - GET
2022-03-28 10:20:25,513 INFO com.fabienit.biblioweb.web.controllers.WebappController [http-nio-8002-exec-7] Reach url: /books - GET
2022-03-28 10:20:34,923 INFO com.fabienit.biblioweb.web.controllers.WebappController [http-nio-8002-exec-4] Reach url: /books - GET
2022-03-28 10:20:40,034 INFO com.fabienit.biblioweb.web.controllers.WebappController [http-nio-8002-exec-8] Reach url: /books - GET
2022-03-28 10:20:49,950 INFO com.fabienit.biblioweb.web.controllers.WebappController [http-nio-8002-exec-3] Reach url: /books - GET
2022-03-28 10:20:53,724 INFO com.fabienit.biblioweb.web.controllers.WebappController [http-nio-8002-exec-8] Reach url: /books - GET
2022-03-28 10:21:10,923 INFO com.fabienit.biblioweb.web.controllers.WebappController [http-nio-8002-exec-3] Reach url: /connexion - GET
2022-03-28 10:21:20,845 INFO com.fabienit.biblioweb.web.controllers.WebappController [http-nio-8002-exec-8] Reach url: / - GET
2022-03-28 10:21:23,513 INFO com.fabienit.biblioweb.web.controllers.WebappController [http-nio-8002-exec-2] Reach url: /profile - GET
2022-03-28 10:21:23,514 DEBUG com.fabienit.biblioweb.service.impl.WebappServiceImpl [http-nio-8002-exec-2] Getting active borrows for current authenticated user
2022-03-28 10:21:23,515 DEBUG com.fabienit.biblioweb.service.impl.WebappServiceImpl [http-nio-8002-exec-2] Getting authenticated current user id
2022-03-28 10:21:48,291 INFO com.fabienit.biblioweb.web.controllers.WebappController [http-nio-8002-exec-3] Reach url: /profile - POST
2022-03-28 10:21:48,592 DEBUG com.fabienit.biblioweb.service.impl.WebappServiceImpl [http-nio-8002-exec-3] Extending Borrow bean duration
2022-03-28 10:21:49,644 INFO com.fabienit.biblioweb.web.controllers.WebappController [http-nio-8002-exec-6] Reach url: /profile - GET
2022-03-28 10:21:49,645 DEBUG com.fabienit.biblioweb.service.impl.WebappServiceImpl [http-nio-8002-exec-6] Getting active borrows for current authenticated user
2022-03-28 10:21:49,649 DEBUG com.fabienit.biblioweb.service.impl.WebappServiceImpl [http-nio-8002-exec-6] Getting authenticated current user id
2022-03-28 10:22:48,776 INFO com.fabienit.biblioweb.web.controllers.WebappController [http-nio-8002-exec-1] Reach url: / - GET
2022-03-28 10:28:56,984 INFO com.fabienit.biblioweb.web.controllers.WebappController [http-nio-8002-exec-5] Reach url: / - GET
2022-03-28 10:35:06,565 INFO com.fabienit.biblioweb.web.controllers.WebappController [http-nio-8002-exec-2] Reach url: /connexion - GET
