2022-03-06 15:51:54,718 INFO com.fabienit.biblioapi.BiblioApiApplication [main] Starting BiblioApiApplication on FABPC with PID 15892 (started by FaB PC in C:\Users\FaB\Git\Projet 7\bibliothequeocp7\backendApiBiblio)
2022-03-06 15:51:54,732 DEBUG com.fabienit.biblioapi.BiblioApiApplication [main] Running with Spring Boot v2.2.1.RELEASE, Spring v5.2.1.RELEASE
2022-03-06 15:51:54,733 INFO com.fabienit.biblioapi.BiblioApiApplication [main] The following profiles are active: dev
2022-03-06 15:52:01,541 DEBUG com.fabienit.biblioapi.configuration.SwaggerConfig$$EnhancerBySpringCGLIB$$abba3a98 [main] Set Swagger2 documentation
2022-03-06 15:52:02,287 INFO com.fabienit.biblioapi.BiblioApiApplication [main] Started BiblioApiApplication in 8.16 seconds (JVM running for 9.029)
2022-03-06 15:53:30,619 INFO com.fabienit.biblioapi.web.controllers.BorrowController [http-nio-8001-exec-1] Providing borrow resource from database: all borrow list
2022-03-06 15:57:30,162 INFO com.fabienit.biblioapi.web.controllers.BorrowController [http-nio-8001-exec-3] Providing borrow resource from database: all borrow list
2022-03-06 16:25:30,206 INFO com.fabienit.biblioapi.web.controllers.BorrowController [http-nio-8001-exec-5] Providing borrow resource from database: all borrow list
2022-03-06 16:27:30,185 INFO com.fabienit.biblioapi.web.controllers.BorrowController [http-nio-8001-exec-7] Providing borrow resource from database: all borrow list
2022-03-06 16:29:30,165 INFO com.fabienit.biblioapi.web.controllers.BorrowController [http-nio-8001-exec-9] Providing borrow resource from database: all borrow list
2022-03-06 16:42:30,166 INFO com.fabienit.biblioapi.web.controllers.BorrowController [http-nio-8001-exec-1] Providing borrow resource from database: all borrow list
2022-03-06 16:48:30,165 INFO com.fabienit.biblioapi.web.controllers.BorrowController [http-nio-8001-exec-3] Providing borrow resource from database: all borrow list
2022-03-06 16:51:30,176 INFO com.fabienit.biblioapi.web.controllers.BorrowController [http-nio-8001-exec-5] Providing borrow resource from database: all borrow list
2022-03-06 16:53:30,167 INFO com.fabienit.biblioapi.web.controllers.BorrowController [http-nio-8001-exec-7] Providing borrow resource from database: all borrow list
2022-03-06 17:04:30,186 INFO com.fabienit.biblioapi.web.controllers.BorrowController [http-nio-8001-exec-9] Providing borrow resource from database: all borrow list
2022-03-06 18:20:30,138 INFO com.fabienit.biblioapi.web.controllers.BorrowController [http-nio-8001-exec-1] Providing borrow resource from database: all borrow list
2022-03-06 18:31:02,332 INFO com.fabienit.biblioapi.web.controllers.BookController [http-nio-8001-exec-3] Providing book resource from database: all book list
2022-03-06 18:31:02,349 DEBUG com.fabienit.biblioapi.web.controllers.BookController [http-nio-8001-exec-3] Splitting query, query: 
2022-03-06 18:31:02,533 INFO com.fabienit.biblioapi.web.controllers.AvailableCopieController [http-nio-8001-exec-4] Providing availablecopie resource from database: all availablecopie list
2022-03-06 18:49:01,576 INFO com.fabienit.biblioapi.web.controllers.BookController [http-nio-8001-exec-6] Providing book resource from database: all book list
2022-03-06 18:49:01,584 DEBUG com.fabienit.biblioapi.web.controllers.BookController [http-nio-8001-exec-6] Splitting query, query: 
2022-03-06 18:49:01,715 INFO com.fabienit.biblioapi.web.controllers.AvailableCopieController [http-nio-8001-exec-7] Providing availablecopie resource from database: all availablecopie list
2022-03-06 18:49:26,002 INFO com.fabienit.biblioapi.web.controllers.BookController [http-nio-8001-exec-9] Providing book resource from database: all book list
2022-03-06 18:49:26,015 DEBUG com.fabienit.biblioapi.web.controllers.BookController [http-nio-8001-exec-9] Splitting query, query: 1984
2022-03-06 18:49:26,200 INFO com.fabienit.biblioapi.web.controllers.AvailableCopieController [http-nio-8001-exec-10] Providing availablecopie resource from database: all availablecopie list
2022-03-06 18:49:47,124 INFO com.fabienit.biblioapi.web.controllers.RegisteredUserController [http-nio-8001-exec-2] Search user by email: fabien@gmail.com
2022-03-06 18:49:56,823 INFO com.fabienit.biblioapi.web.controllers.BorrowController [http-nio-8001-exec-4] Providing borrow resources from database by user id: 1
2022-03-06 18:50:06,735 INFO com.fabienit.biblioapi.web.controllers.BorrowController [http-nio-8001-exec-6] Providing borrow resource from database: borrow id: 1
2022-03-06 18:50:06,883 INFO com.fabienit.biblioapi.web.controllers.BorrowController [http-nio-8001-exec-7] Providing borrow resource from database: borrow id: 1
2022-03-06 18:50:07,088 INFO com.fabienit.biblioapi.web.controllers.BorrowController [http-nio-8001-exec-8] Updating borrow in database, id: 1
2022-03-06 18:50:07,298 INFO com.fabienit.biblioapi.web.controllers.BorrowController [http-nio-8001-exec-9] Providing borrow resources from database by user id: 1
