2022-03-06 15:53:15,404 INFO com.fabienit.bibliobatch.BibliobatchApplication [main] No active profile set, falling back to default profiles: default
2022-03-06 15:53:17,650 INFO com.fabienit.bibliobatch.BibliobatchApplication [main] Started BibliobatchApplication in 3.219 seconds (JVM running for 3.965)
2022-03-06 15:53:30,011 INFO com.fabienit.bibliobatch.service.impl.EmailServiceImpl [scheduling-1] Sending emails for late borrows
2022-03-06 15:53:31,026 DEBUG com.fabienit.bibliobatch.service.impl.EmailServiceImpl [scheduling-1] Generating mail data for late borrow, id:1
2022-03-06 15:53:31,203 DEBUG com.fabienit.bibliobatch.service.impl.EmailServiceImpl [scheduling-1] Generating mail data for late borrow, id:2
2022-03-06 15:53:31,220 DEBUG com.fabienit.bibliobatch.service.impl.EmailServiceImpl [scheduling-1] Generating mail data for late borrow, id:3
2022-03-06 15:53:31,243 DEBUG com.fabienit.bibliobatch.service.impl.EmailServiceImpl [scheduling-1] Generating mail data for late borrow, id:4
2022-03-06 15:53:31,268 DEBUG com.fabienit.bibliobatch.service.impl.EmailServiceImpl [scheduling-1] Generating mail data for late borrow, id:5
2022-03-06 15:53:31,291 DEBUG com.fabienit.bibliobatch.service.impl.EmailServiceImpl [scheduling-1] Generating mail data for late borrow, id:6
2022-03-06 15:56:57,312 INFO com.fabienit.bibliobatch.BibliobatchApplication [main] No active profile set, falling back to default profiles: default
2022-03-06 15:57:00,644 INFO com.fabienit.bibliobatch.BibliobatchApplication [main] Started BibliobatchApplication in 4.437 seconds (JVM running for 5.37)
2022-03-06 15:57:30,019 INFO com.fabienit.bibliobatch.service.impl.EmailServiceImpl [scheduling-1] Sending emails for late borrows
2022-03-06 15:57:30,278 DEBUG com.fabienit.bibliobatch.service.impl.EmailServiceImpl [scheduling-1] Generating mail data for late borrow, id:1
2022-03-06 15:57:30,355 DEBUG com.fabienit.bibliobatch.service.impl.EmailServiceImpl [scheduling-1] Generating mail data for late borrow, id:2
2022-03-06 15:57:30,370 DEBUG com.fabienit.bibliobatch.service.impl.EmailServiceImpl [scheduling-1] Generating mail data for late borrow, id:3
2022-03-06 15:57:30,402 DEBUG com.fabienit.bibliobatch.service.impl.EmailServiceImpl [scheduling-1] Generating mail data for late borrow, id:4
2022-03-06 15:57:30,433 DEBUG com.fabienit.bibliobatch.service.impl.EmailServiceImpl [scheduling-1] Generating mail data for late borrow, id:5
2022-03-06 15:57:30,451 DEBUG com.fabienit.bibliobatch.service.impl.EmailServiceImpl [scheduling-1] Generating mail data for late borrow, id:6
2022-03-06 16:24:45,567 INFO com.fabienit.bibliobatch.BibliobatchApplication [main] No active profile set, falling back to default profiles: default
2022-03-06 16:24:47,708 INFO com.fabienit.bibliobatch.BibliobatchApplication [main] Started BibliobatchApplication in 3.057 seconds (JVM running for 3.819)
2022-03-06 16:25:30,012 INFO com.fabienit.bibliobatch.service.impl.EmailServiceImpl [scheduling-1] Sending emails for late borrows
2022-03-06 16:25:30,343 DEBUG com.fabienit.bibliobatch.service.impl.EmailServiceImpl [scheduling-1] Generating mail data for late borrow, id:1
2022-03-06 16:25:30,425 DEBUG com.fabienit.bibliobatch.service.impl.EmailServiceImpl [scheduling-1] Generating mail data for late borrow, id:2
2022-03-06 16:25:30,439 DEBUG com.fabienit.bibliobatch.service.impl.EmailServiceImpl [scheduling-1] Generating mail data for late borrow, id:3
2022-03-06 16:25:30,455 DEBUG com.fabienit.bibliobatch.service.impl.EmailServiceImpl [scheduling-1] Generating mail data for late borrow, id:4
2022-03-06 16:25:30,481 DEBUG com.fabienit.bibliobatch.service.impl.EmailServiceImpl [scheduling-1] Generating mail data for late borrow, id:5
2022-03-06 16:25:30,496 DEBUG com.fabienit.bibliobatch.service.impl.EmailServiceImpl [scheduling-1] Generating mail data for late borrow, id:6
2022-03-06 16:26:29,340 INFO com.fabienit.bibliobatch.BibliobatchApplication [main] No active profile set, falling back to default profiles: default
2022-03-06 16:26:31,398 INFO com.fabienit.bibliobatch.BibliobatchApplication [main] Started BibliobatchApplication in 3.051 seconds (JVM running for 3.819)
2022-03-06 16:27:30,006 INFO com.fabienit.bibliobatch.service.impl.EmailServiceImpl [scheduling-1] Sending emails for late borrows
2022-03-06 16:27:30,282 DEBUG com.fabienit.bibliobatch.service.impl.EmailServiceImpl [scheduling-1] Generating mail data for late borrow, id:1
2022-03-06 16:27:30,352 DEBUG com.fabienit.bibliobatch.service.impl.EmailServiceImpl [scheduling-1] Generating mail data for late borrow, id:2
2022-03-06 16:27:30,367 DEBUG com.fabienit.bibliobatch.service.impl.EmailServiceImpl [scheduling-1] Generating mail data for late borrow, id:3
2022-03-06 16:27:30,383 DEBUG com.fabienit.bibliobatch.service.impl.EmailServiceImpl [scheduling-1] Generating mail data for late borrow, id:4
2022-03-06 16:27:30,400 DEBUG com.fabienit.bibliobatch.service.impl.EmailServiceImpl [scheduling-1] Generating mail data for late borrow, id:5
2022-03-06 16:27:30,416 DEBUG com.fabienit.bibliobatch.service.impl.EmailServiceImpl [scheduling-1] Generating mail data for late borrow, id:6
2022-03-06 16:28:44,221 INFO com.fabienit.bibliobatch.BibliobatchApplication [main] No active profile set, falling back to default profiles: default
2022-03-06 16:28:46,273 INFO com.fabienit.bibliobatch.BibliobatchApplication [main] Started BibliobatchApplication in 3.004 seconds (JVM running for 3.96)
2022-03-06 16:29:30,015 INFO com.fabienit.bibliobatch.service.impl.EmailServiceImpl [scheduling-1] Sending emails for late borrows
2022-03-06 16:29:30,263 DEBUG com.fabienit.bibliobatch.service.impl.EmailServiceImpl [scheduling-1] Generating mail data for late borrow, id:1
2022-03-06 16:29:30,348 DEBUG com.fabienit.bibliobatch.service.impl.EmailServiceImpl [scheduling-1] Generating mail data for late borrow, id:2
2022-03-06 16:29:30,373 DEBUG com.fabienit.bibliobatch.service.impl.EmailServiceImpl [scheduling-1] Generating mail data for late borrow, id:3
2022-03-06 16:29:30,391 DEBUG com.fabienit.bibliobatch.service.impl.EmailServiceImpl [scheduling-1] Generating mail data for late borrow, id:4
2022-03-06 16:29:30,411 DEBUG com.fabienit.bibliobatch.service.impl.EmailServiceImpl [scheduling-1] Generating mail data for late borrow, id:5
2022-03-06 16:29:30,434 DEBUG com.fabienit.bibliobatch.service.impl.EmailServiceImpl [scheduling-1] Generating mail data for late borrow, id:6
2022-03-06 16:41:37,173 INFO com.fabienit.bibliobatch.BibliobatchApplication [main] No active profile set, falling back to default profiles: default
2022-03-06 16:41:39,298 INFO com.fabienit.bibliobatch.BibliobatchApplication [main] Started BibliobatchApplication in 3.041 seconds (JVM running for 3.787)
2022-03-06 16:42:30,007 INFO com.fabienit.bibliobatch.service.impl.EmailServiceImpl [scheduling-1] Sending emails for late borrows
2022-03-06 16:42:30,277 DEBUG com.fabienit.bibliobatch.service.impl.EmailServiceImpl [scheduling-1] Generating mail data for late borrow, id:1
2022-03-06 16:42:30,347 DEBUG com.fabienit.bibliobatch.service.impl.EmailServiceImpl [scheduling-1] Generating mail data for late borrow, id:2
2022-03-06 16:42:30,362 DEBUG com.fabienit.bibliobatch.service.impl.EmailServiceImpl [scheduling-1] Generating mail data for late borrow, id:3
2022-03-06 16:42:30,376 DEBUG com.fabienit.bibliobatch.service.impl.EmailServiceImpl [scheduling-1] Generating mail data for late borrow, id:4
2022-03-06 16:42:30,395 DEBUG com.fabienit.bibliobatch.service.impl.EmailServiceImpl [scheduling-1] Generating mail data for late borrow, id:5
2022-03-06 16:42:30,409 DEBUG com.fabienit.bibliobatch.service.impl.EmailServiceImpl [scheduling-1] Generating mail data for late borrow, id:6
2022-03-06 16:47:47,063 INFO com.fabienit.bibliobatch.BibliobatchApplication [main] No active profile set, falling back to default profiles: default
2022-03-06 16:47:49,096 INFO com.fabienit.bibliobatch.BibliobatchApplication [main] Started BibliobatchApplication in 3.036 seconds (JVM running for 3.78)
2022-03-06 16:48:30,000 INFO com.fabienit.bibliobatch.service.impl.EmailServiceImpl [scheduling-1] Sending emails for late borrows
2022-03-06 16:48:30,265 DEBUG com.fabienit.bibliobatch.service.impl.EmailServiceImpl [scheduling-1] Generating mail data for late borrow, id:1
2022-03-06 16:48:30,339 DEBUG com.fabienit.bibliobatch.service.impl.EmailServiceImpl [scheduling-1] Generating mail data for late borrow, id:2
2022-03-06 16:48:30,355 DEBUG com.fabienit.bibliobatch.service.impl.EmailServiceImpl [scheduling-1] Generating mail data for late borrow, id:3
2022-03-06 16:48:30,374 DEBUG com.fabienit.bibliobatch.service.impl.EmailServiceImpl [scheduling-1] Generating mail data for late borrow, id:4
2022-03-06 16:48:30,408 DEBUG com.fabienit.bibliobatch.service.impl.EmailServiceImpl [scheduling-1] Generating mail data for late borrow, id:5
2022-03-06 16:48:30,423 DEBUG com.fabienit.bibliobatch.service.impl.EmailServiceImpl [scheduling-1] Generating mail data for late borrow, id:6
2022-03-06 16:50:32,999 INFO com.fabienit.bibliobatch.BibliobatchApplication [main] No active profile set, falling back to default profiles: default
2022-03-06 16:50:35,154 INFO com.fabienit.bibliobatch.BibliobatchApplication [main] Started BibliobatchApplication in 3.059 seconds (JVM running for 3.835)
2022-03-06 16:51:30,006 INFO com.fabienit.bibliobatch.service.impl.EmailServiceImpl [scheduling-1] Sending emails for late borrows
2022-03-06 16:51:30,276 DEBUG com.fabienit.bibliobatch.service.impl.EmailServiceImpl [scheduling-1] Generating mail data for late borrow, id:1
2022-03-06 16:51:30,279 ERROR org.springframework.scheduling.support.TaskUtils$LoggingErrorHandler [scheduling-1] Unexpected error occurred in scheduled task
java.lang.IllegalArgumentException: Too many pattern letters: m
	at java.time.format.DateTimeFormatterBuilder.parseField(DateTimeFormatterBuilder.java:1816)
	at java.time.format.DateTimeFormatterBuilder.parsePattern(DateTimeFormatterBuilder.java:1613)
	at java.time.format.DateTimeFormatterBuilder.appendPattern(DateTimeFormatterBuilder.java:1581)
	at java.time.format.DateTimeFormatter.ofPattern(DateTimeFormatter.java:536)
	at com.fabienit.bibliobatch.service.impl.EmailServiceImpl.generateLateBorrowsEmail(EmailServiceImpl.java:78)
	at com.fabienit.bibliobatch.service.impl.EmailServiceImpl.sendMailForLateBorrowsEveryDay(EmailServiceImpl.java:54)
	at sun.reflect.NativeMethodAccessorImpl.invoke0(Native Method)
	at sun.reflect.NativeMethodAccessorImpl.invoke(NativeMethodAccessorImpl.java:62)
	at sun.reflect.DelegatingMethodAccessorImpl.invoke(DelegatingMethodAccessorImpl.java:43)
	at java.lang.reflect.Method.invoke(Method.java:498)
	at org.springframework.scheduling.support.ScheduledMethodRunnable.run(ScheduledMethodRunnable.java:84)
	at org.springframework.scheduling.support.DelegatingErrorHandlingRunnable.run(DelegatingErrorHandlingRunnable.java:54)
	at org.springframework.scheduling.concurrent.ReschedulingRunnable.run(ReschedulingRunnable.java:93)
	at java.util.concurrent.Executors$RunnableAdapter.call(Executors.java:511)
	at java.util.concurrent.FutureTask.run(FutureTask.java:266)
	at java.util.concurrent.ScheduledThreadPoolExecutor$ScheduledFutureTask.access$201(ScheduledThreadPoolExecutor.java:180)
	at java.util.concurrent.ScheduledThreadPoolExecutor$ScheduledFutureTask.run(ScheduledThreadPoolExecutor.java:293)
	at java.util.concurrent.ThreadPoolExecutor.runWorker(ThreadPoolExecutor.java:1149)
	at java.util.concurrent.ThreadPoolExecutor$Worker.run(ThreadPoolExecutor.java:624)
	at java.lang.Thread.run(Thread.java:748)
2022-03-06 16:52:53,634 INFO com.fabienit.bibliobatch.BibliobatchApplication [main] No active profile set, falling back to default profiles: default
2022-03-06 16:52:55,667 INFO com.fabienit.bibliobatch.BibliobatchApplication [main] Started BibliobatchApplication in 3.014 seconds (JVM running for 3.758)
2022-03-06 16:53:30,002 INFO com.fabienit.bibliobatch.service.impl.EmailServiceImpl [scheduling-1] Sending emails for late borrows
2022-03-06 16:53:30,268 DEBUG com.fabienit.bibliobatch.service.impl.EmailServiceImpl [scheduling-1] Generating mail data for late borrow, id:1
2022-03-06 16:53:30,424 DEBUG com.fabienit.bibliobatch.service.impl.EmailServiceImpl [scheduling-1] Generating mail data for late borrow, id:2
2022-03-06 16:53:30,449 DEBUG com.fabienit.bibliobatch.service.impl.EmailServiceImpl [scheduling-1] Generating mail data for late borrow, id:3
2022-03-06 16:53:30,477 DEBUG com.fabienit.bibliobatch.service.impl.EmailServiceImpl [scheduling-1] Generating mail data for late borrow, id:4
2022-03-06 16:53:30,499 DEBUG com.fabienit.bibliobatch.service.impl.EmailServiceImpl [scheduling-1] Generating mail data for late borrow, id:5
2022-03-06 16:53:30,518 DEBUG com.fabienit.bibliobatch.service.impl.EmailServiceImpl [scheduling-1] Generating mail data for late borrow, id:6
2022-03-06 17:04:01,267 INFO com.fabienit.bibliobatch.BibliobatchApplication [main] No active profile set, falling back to default profiles: default
2022-03-06 17:04:03,340 INFO com.fabienit.bibliobatch.BibliobatchApplication [main] Started BibliobatchApplication in 3.141 seconds (JVM running for 3.889)
2022-03-06 17:04:30,003 INFO com.fabienit.bibliobatch.service.impl.EmailServiceImpl [scheduling-1] Sending emails for late borrows
2022-03-06 17:04:30,285 DEBUG com.fabienit.bibliobatch.service.impl.EmailServiceImpl [scheduling-1] Generating mail data for late borrow, id:1
2022-03-06 17:04:30,355 DEBUG com.fabienit.bibliobatch.service.impl.EmailServiceImpl [scheduling-1] Generating mail data for late borrow, id:2
2022-03-06 17:04:30,374 DEBUG com.fabienit.bibliobatch.service.impl.EmailServiceImpl [scheduling-1] Generating mail data for late borrow, id:3
2022-03-06 17:04:30,403 DEBUG com.fabienit.bibliobatch.service.impl.EmailServiceImpl [scheduling-1] Generating mail data for late borrow, id:4
2022-03-06 17:04:30,431 DEBUG com.fabienit.bibliobatch.service.impl.EmailServiceImpl [scheduling-1] Generating mail data for late borrow, id:5
2022-03-06 17:04:30,459 DEBUG com.fabienit.bibliobatch.service.impl.EmailServiceImpl [scheduling-1] Generating mail data for late borrow, id:6
2022-03-06 18:16:58,432 INFO com.fabienit.bibliobatch.BibliobatchApplication [main] No active profile set, falling back to default profiles: default
2022-03-06 18:17:00,538 INFO com.fabienit.bibliobatch.BibliobatchApplication [main] Started BibliobatchApplication in 3.052 seconds (JVM running for 3.825)
2022-03-06 18:20:30,003 INFO com.fabienit.bibliobatch.service.impl.EmailServiceImpl [scheduling-1] Sending emails for late borrows
2022-03-06 18:20:30,243 DEBUG com.fabienit.bibliobatch.service.impl.EmailServiceImpl [scheduling-1] Generating mail data for late borrow, id:1
2022-03-06 18:20:30,321 DEBUG com.fabienit.bibliobatch.service.impl.EmailServiceImpl [scheduling-1] Generating mail data for late borrow, id:2
2022-03-06 18:20:30,349 DEBUG com.fabienit.bibliobatch.service.impl.EmailServiceImpl [scheduling-1] Generating mail data for late borrow, id:3
2022-03-06 18:20:30,377 DEBUG com.fabienit.bibliobatch.service.impl.EmailServiceImpl [scheduling-1] Generating mail data for late borrow, id:4
2022-03-06 18:20:30,414 DEBUG com.fabienit.bibliobatch.service.impl.EmailServiceImpl [scheduling-1] Generating mail data for late borrow, id:5
2022-03-06 18:20:30,434 DEBUG com.fabienit.bibliobatch.service.impl.EmailServiceImpl [scheduling-1] Generating mail data for late borrow, id:6
