2022-02-14 17:34:39,710 INFO com.fabienit.biblioapi.BiblioApiApplication [main] Starting BiblioApiApplication on FABPC with PID 14572 (started by FaB PC in C:\Users\FaB\Git\Projet 7\bibliothequeocp7)
2022-02-14 17:34:39,779 DEBUG com.fabienit.biblioapi.BiblioApiApplication [main] Running with Spring Boot v2.2.1.RELEASE, Spring v5.2.1.RELEASE
2022-02-14 17:34:39,780 INFO com.fabienit.biblioapi.BiblioApiApplication [main] The following profiles are active: dev
2022-02-14 17:34:56,979 DEBUG com.fabienit.biblioapi.configuration.SwaggerConfig$$EnhancerBySpringCGLIB$$a19da1b1 [main] Set Swagger2 documentation
2022-02-14 17:34:59,269 INFO com.fabienit.biblioapi.BiblioApiApplication [main] Started BiblioApiApplication in 21.14 seconds (JVM running for 22.754)
2022-02-14 17:36:51,775 INFO com.fabienit.biblioapi.web.controllers.RegisteredUserController [http-nio-8001-exec-1] Search user by email: fabien@gmail.com
2022-02-14 17:37:44,614 INFO com.fabienit.biblioapi.web.controllers.BookController [http-nio-8001-exec-3] Providing book resource from database: all book list
2022-02-14 17:37:44,661 DEBUG com.fabienit.biblioapi.web.controllers.BookController [http-nio-8001-exec-3] Splitting query, query: 
2022-02-14 17:37:44,784 INFO com.fabienit.biblioapi.web.controllers.AvailableCopieController [http-nio-8001-exec-4] Providing availablecopie resource from database: all availablecopie list
2022-02-14 17:42:44,403 ERROR org.hibernate.tool.schema.internal.SchemaDropperImpl$DelayedDropActionImpl [SpringContextShutdownHook] HHH000478: Unsuccessful: drop table book if exists
2022-02-14 17:42:50,540 INFO com.fabienit.biblioapi.BiblioApiApplication [main] Starting BiblioApiApplication on FABPC with PID 5368 (started by FaB PC in C:\Users\FaB\Git\Projet 7\bibliothequeocp7)
2022-02-14 17:42:50,566 DEBUG com.fabienit.biblioapi.BiblioApiApplication [main] Running with Spring Boot v2.2.1.RELEASE, Spring v5.2.1.RELEASE
2022-02-14 17:42:50,566 INFO com.fabienit.biblioapi.BiblioApiApplication [main] The following profiles are active: dev
2022-02-14 17:43:01,988 DEBUG com.fabienit.biblioapi.configuration.SwaggerConfig$$EnhancerBySpringCGLIB$$cb20adbd [main] Set Swagger2 documentation
2022-02-14 17:43:03,090 INFO com.fabienit.biblioapi.BiblioApiApplication [main] Started BiblioApiApplication in 13.351 seconds (JVM running for 14.504)
2022-02-14 17:44:35,115 INFO com.fabienit.biblioapi.web.controllers.BookController [http-nio-8001-exec-3] Providing book resource from database: all book list
2022-02-14 17:44:35,588 DEBUG com.fabienit.biblioapi.web.controllers.BookController [http-nio-8001-exec-3] Splitting query, query: 
2022-02-14 17:44:35,721 INFO com.fabienit.biblioapi.web.controllers.AvailableCopieController [http-nio-8001-exec-10] Providing availablecopie resource from database: all availablecopie list
2022-02-14 17:44:59,738 INFO com.fabienit.biblioapi.web.controllers.BookController [http-nio-8001-exec-4] Providing book resource from database: all book list
2022-02-14 17:44:59,742 DEBUG com.fabienit.biblioapi.web.controllers.BookController [http-nio-8001-exec-4] Splitting query, query: 
2022-02-14 17:44:59,831 INFO com.fabienit.biblioapi.web.controllers.AvailableCopieController [http-nio-8001-exec-8] Providing availablecopie resource from database: all availablecopie list
2022-02-14 17:45:13,174 INFO com.fabienit.biblioapi.web.controllers.BookController [http-nio-8001-exec-5] Providing book resource from database: all book list
2022-02-14 17:45:13,177 DEBUG com.fabienit.biblioapi.web.controllers.BookController [http-nio-8001-exec-5] Splitting query, query: 
2022-02-14 17:45:13,266 INFO com.fabienit.biblioapi.web.controllers.AvailableCopieController [http-nio-8001-exec-2] Providing availablecopie resource from database: all availablecopie list
2022-02-14 17:45:14,494 INFO com.fabienit.biblioapi.web.controllers.BookController [http-nio-8001-exec-9] Providing book resource from database: all book list
2022-02-14 17:45:14,497 DEBUG com.fabienit.biblioapi.web.controllers.BookController [http-nio-8001-exec-9] Splitting query, query: 
2022-02-14 17:45:14,584 INFO com.fabienit.biblioapi.web.controllers.AvailableCopieController [http-nio-8001-exec-7] Providing availablecopie resource from database: all availablecopie list
2022-02-14 17:45:15,860 INFO com.fabienit.biblioapi.web.controllers.BookController [http-nio-8001-exec-8] Providing book resource from database: all book list
2022-02-14 17:45:15,863 DEBUG com.fabienit.biblioapi.web.controllers.BookController [http-nio-8001-exec-8] Splitting query, query: 
2022-02-14 17:45:15,949 INFO com.fabienit.biblioapi.web.controllers.AvailableCopieController [http-nio-8001-exec-6] Providing availablecopie resource from database: all availablecopie list
2022-02-14 17:45:23,804 INFO com.fabienit.biblioapi.web.controllers.BookController [http-nio-8001-exec-9] Providing book resource from database: all book list
2022-02-14 17:45:23,806 DEBUG com.fabienit.biblioapi.web.controllers.BookController [http-nio-8001-exec-9] Splitting query, query: 
2022-02-14 17:45:23,897 INFO com.fabienit.biblioapi.web.controllers.AvailableCopieController [http-nio-8001-exec-7] Providing availablecopie resource from database: all availablecopie list
2022-02-14 17:45:26,181 INFO com.fabienit.biblioapi.web.controllers.BookController [http-nio-8001-exec-1] Providing book resource from database: all book list
2022-02-14 17:45:26,183 DEBUG com.fabienit.biblioapi.web.controllers.BookController [http-nio-8001-exec-1] Splitting query, query: 
2022-02-14 17:45:26,268 INFO com.fabienit.biblioapi.web.controllers.AvailableCopieController [http-nio-8001-exec-3] Providing availablecopie resource from database: all availablecopie list
2022-02-14 17:45:27,636 INFO com.fabienit.biblioapi.web.controllers.BookController [http-nio-8001-exec-10] Providing book resource from database: all book list
2022-02-14 17:45:27,638 DEBUG com.fabienit.biblioapi.web.controllers.BookController [http-nio-8001-exec-10] Splitting query, query: 
2022-02-14 17:45:27,741 INFO com.fabienit.biblioapi.web.controllers.AvailableCopieController [http-nio-8001-exec-4] Providing availablecopie resource from database: all availablecopie list
2022-02-14 17:45:29,715 INFO com.fabienit.biblioapi.web.controllers.BookController [http-nio-8001-exec-8] Providing book resource from database: all book list
2022-02-14 17:45:29,717 DEBUG com.fabienit.biblioapi.web.controllers.BookController [http-nio-8001-exec-8] Splitting query, query: 
2022-02-14 17:45:29,804 INFO com.fabienit.biblioapi.web.controllers.AvailableCopieController [http-nio-8001-exec-6] Providing availablecopie resource from database: all availablecopie list
2022-02-14 17:45:30,939 INFO com.fabienit.biblioapi.web.controllers.BookController [http-nio-8001-exec-5] Providing book resource from database: all book list
2022-02-14 17:45:30,941 DEBUG com.fabienit.biblioapi.web.controllers.BookController [http-nio-8001-exec-5] Splitting query, query: 
2022-02-14 17:45:31,029 INFO com.fabienit.biblioapi.web.controllers.AvailableCopieController [http-nio-8001-exec-2] Providing availablecopie resource from database: all availablecopie list
2022-02-14 17:45:36,041 INFO com.fabienit.biblioapi.web.controllers.BookController [http-nio-8001-exec-9] Providing book resource from database: all book list
2022-02-14 17:45:36,044 DEBUG com.fabienit.biblioapi.web.controllers.BookController [http-nio-8001-exec-9] Splitting query, query: 
2022-02-14 17:45:36,129 INFO com.fabienit.biblioapi.web.controllers.AvailableCopieController [http-nio-8001-exec-7] Providing availablecopie resource from database: all availablecopie list
2022-02-14 17:45:37,934 INFO com.fabienit.biblioapi.web.controllers.BookController [http-nio-8001-exec-1] Providing book resource from database: all book list
2022-02-14 17:45:37,936 DEBUG com.fabienit.biblioapi.web.controllers.BookController [http-nio-8001-exec-1] Splitting query, query: 
2022-02-14 17:45:38,022 INFO com.fabienit.biblioapi.web.controllers.AvailableCopieController [http-nio-8001-exec-3] Providing availablecopie resource from database: all availablecopie list
2022-02-14 17:45:40,346 INFO com.fabienit.biblioapi.web.controllers.BookController [http-nio-8001-exec-10] Providing book resource from database: all book list
2022-02-14 17:45:40,349 DEBUG com.fabienit.biblioapi.web.controllers.BookController [http-nio-8001-exec-10] Splitting query, query: 
2022-02-14 17:45:40,435 INFO com.fabienit.biblioapi.web.controllers.AvailableCopieController [http-nio-8001-exec-4] Providing availablecopie resource from database: all availablecopie list
2022-02-14 17:45:41,752 INFO com.fabienit.biblioapi.web.controllers.BookController [http-nio-8001-exec-8] Providing book resource from database: all book list
2022-02-14 17:45:41,754 DEBUG com.fabienit.biblioapi.web.controllers.BookController [http-nio-8001-exec-8] Splitting query, query: 
2022-02-14 17:45:41,841 INFO com.fabienit.biblioapi.web.controllers.AvailableCopieController [http-nio-8001-exec-6] Providing availablecopie resource from database: all availablecopie list
2022-02-14 17:51:10,864 INFO com.fabienit.biblioapi.web.controllers.RegisteredUserController [http-nio-8001-exec-5] Search user by email: fabien@gmail.com
2022-02-14 17:51:13,783 INFO com.fabienit.biblioapi.web.controllers.BorrowController [http-nio-8001-exec-2] Providing borrow resources from database by user id: 1
2022-02-14 18:30:06,418 INFO com.fabienit.biblioapi.web.controllers.RegisteredUserController [http-nio-8001-exec-9] Search user by email: fabien@gmail.com
2022-02-14 18:30:06,600 INFO com.fabienit.biblioapi.web.controllers.BorrowController [http-nio-8001-exec-7] Providing borrow resources from database by user id: 1
2022-02-14 18:30:09,278 INFO com.fabienit.biblioapi.web.controllers.BorrowController [http-nio-8001-exec-1] Providing borrow resource from database: borrow id: 1
2022-02-14 18:30:09,383 INFO com.fabienit.biblioapi.web.controllers.BorrowController [http-nio-8001-exec-3] Providing borrow resource from database: borrow id: 1
2022-02-14 18:30:09,588 INFO com.fabienit.biblioapi.web.controllers.BorrowController [http-nio-8001-exec-10] Updating borrow in database, id: 1
2022-02-14 18:30:09,767 INFO com.fabienit.biblioapi.web.controllers.BorrowController [http-nio-8001-exec-4] Providing borrow resources from database by user id: 1
2022-02-14 22:53:28,836 ERROR org.hibernate.tool.schema.internal.SchemaDropperImpl$DelayedDropActionImpl [SpringContextShutdownHook] HHH000478: Unsuccessful: drop table book if exists
