2022-02-14 17:34:53,941 INFO com.fabienit.biblioweb.BibliowebApplication [main] No active profile set, falling back to default profiles: default
2022-02-14 17:35:03,530 INFO com.fabienit.biblioweb.BibliowebApplication [main] Started BibliowebApplication in 13.482 seconds (JVM running for 15.67)
2022-02-14 17:35:03,972 INFO com.fabienit.biblioweb.web.controllers.WebappController [http-nio-8002-exec-1] Reach url: / - GET
2022-02-14 17:35:56,549 INFO com.fabienit.biblioweb.web.controllers.WebappController [http-nio-8002-exec-7] Reach url: /connexion - GET
2022-02-14 17:36:52,549 INFO com.fabienit.biblioweb.web.controllers.WebappController [http-nio-8002-exec-3] Reach url: / - GET
2022-02-14 17:37:41,517 INFO com.fabienit.biblioweb.web.controllers.WebappController [http-nio-8002-exec-1] Reach url: /connexion - GET
2022-02-14 17:37:44,506 INFO com.fabienit.biblioweb.web.controllers.WebappController [http-nio-8002-exec-5] Reach url: /books - GET
2022-02-14 17:44:34,955 INFO com.fabienit.biblioweb.web.controllers.WebappController [http-nio-8002-exec-3] Reach url: /books - GET
2022-02-14 17:44:59,650 INFO com.fabienit.biblioweb.web.controllers.WebappController [http-nio-8002-exec-6] Reach url: /books - GET
2022-02-14 17:45:13,087 INFO com.fabienit.biblioweb.web.controllers.WebappController [http-nio-8002-exec-8] Reach url: /books - GET
2022-02-14 17:45:14,408 INFO com.fabienit.biblioweb.web.controllers.WebappController [http-nio-8002-exec-10] Reach url: /books - GET
2022-02-14 17:45:15,773 INFO com.fabienit.biblioweb.web.controllers.WebappController [http-nio-8002-exec-6] Reach url: /books - GET
2022-02-14 17:45:23,713 INFO com.fabienit.biblioweb.web.controllers.WebappController [http-nio-8002-exec-4] Reach url: /books - GET
2022-02-14 17:45:26,092 INFO com.fabienit.biblioweb.web.controllers.WebappController [http-nio-8002-exec-1] Reach url: /books - GET
2022-02-14 17:45:27,527 INFO com.fabienit.biblioweb.web.controllers.WebappController [http-nio-8002-exec-3] Reach url: /books - GET
2022-02-14 17:45:29,624 INFO com.fabienit.biblioweb.web.controllers.WebappController [http-nio-8002-exec-6] Reach url: /books - GET
2022-02-14 17:45:30,848 INFO com.fabienit.biblioweb.web.controllers.WebappController [http-nio-8002-exec-2] Reach url: /books - GET
2022-02-14 17:45:35,956 INFO com.fabienit.biblioweb.web.controllers.WebappController [http-nio-8002-exec-3] Reach url: /books - GET
2022-02-14 17:45:37,846 INFO com.fabienit.biblioweb.web.controllers.WebappController [http-nio-8002-exec-1] Reach url: /books - GET
2022-02-14 17:45:40,259 INFO com.fabienit.biblioweb.web.controllers.WebappController [http-nio-8002-exec-5] Reach url: /books - GET
2022-02-14 17:45:41,666 INFO com.fabienit.biblioweb.web.controllers.WebappController [http-nio-8002-exec-2] Reach url: /books - GET
2022-02-14 17:51:06,621 INFO com.fabienit.biblioweb.web.controllers.WebappController [http-nio-8002-exec-9] Reach url: /connexion - GET
2022-02-14 17:51:11,012 INFO com.fabienit.biblioweb.web.controllers.WebappController [http-nio-8002-exec-10] Reach url: / - GET
2022-02-14 17:51:13,654 INFO com.fabienit.biblioweb.web.controllers.WebappController [http-nio-8002-exec-7] Reach url: /profile - GET
2022-02-14 17:51:13,654 DEBUG com.fabienit.biblioweb.service.impl.WebappServiceImpl [http-nio-8002-exec-7] Getting active borrows for current authenticated user
2022-02-14 17:51:13,655 DEBUG com.fabienit.biblioweb.service.impl.WebappServiceImpl [http-nio-8002-exec-7] Getting authenticated current user id
2022-02-14 18:30:00,228 INFO com.fabienit.biblioweb.web.controllers.WebappController [http-nio-8002-exec-2] Reach url: /connexion - GET
2022-02-14 18:30:06,513 INFO com.fabienit.biblioweb.web.controllers.WebappController [http-nio-8002-exec-9] Reach url: /profile - GET
2022-02-14 18:30:06,513 DEBUG com.fabienit.biblioweb.service.impl.WebappServiceImpl [http-nio-8002-exec-9] Getting active borrows for current authenticated user
2022-02-14 18:30:06,514 DEBUG com.fabienit.biblioweb.service.impl.WebappServiceImpl [http-nio-8002-exec-9] Getting authenticated current user id
2022-02-14 18:30:09,188 INFO com.fabienit.biblioweb.web.controllers.WebappController [http-nio-8002-exec-8] Reach url: /profile - POST
2022-02-14 18:30:09,298 DEBUG com.fabienit.biblioweb.service.impl.WebappServiceImpl [http-nio-8002-exec-8] Extending Borrow bean duration
2022-02-14 18:30:09,682 INFO com.fabienit.biblioweb.web.controllers.WebappController [http-nio-8002-exec-10] Reach url: /profile - GET
2022-02-14 18:30:09,683 DEBUG com.fabienit.biblioweb.service.impl.WebappServiceImpl [http-nio-8002-exec-10] Getting active borrows for current authenticated user
2022-02-14 18:30:09,683 DEBUG com.fabienit.biblioweb.service.impl.WebappServiceImpl [http-nio-8002-exec-10] Getting authenticated current user id
