2022-03-16 14:13:42,696 INFO com.fabienit.biblioapi.BiblioApiApplicationTests [main] Starting BiblioApiApplicationTests on FABPC with PID 13700 (started by FaB PC in C:\Users\FaB\Git\Projet 7\bibliothequeocp7\backendApiBiblio)
2022-03-16 14:13:42,757 DEBUG com.fabienit.biblioapi.BiblioApiApplicationTests [main] Running with Spring Boot v2.2.1.RELEASE, Spring v5.2.1.RELEASE
2022-03-16 14:13:42,759 INFO com.fabienit.biblioapi.BiblioApiApplicationTests [main] The following profiles are active: dev
2022-03-16 14:13:52,028 DEBUG com.fabienit.biblioapi.configuration.SwaggerConfig$$EnhancerBySpringCGLIB$$eb94d27c [main] Set Swagger2 documentation
2022-03-16 14:13:54,207 INFO com.fabienit.biblioapi.BiblioApiApplicationTests [main] Started BiblioApiApplicationTests in 12.043 seconds (JVM running for 14.232)
2022-03-16 14:13:54,508 ERROR org.hibernate.tool.schema.internal.SchemaDropperImpl$DelayedDropActionImpl [SpringContextShutdownHook] HHH000478: Unsuccessful: drop table book if exists
2022-03-16 14:24:29,426 INFO com.fabienit.biblioapi.BiblioApiApplicationTests [main] Starting BiblioApiApplicationTests on FABPC with PID 408 (started by FaB PC in C:\Users\FaB\Git\Projet 7\bibliothequeocp7\backendApiBiblio)
2022-03-16 14:24:29,431 DEBUG com.fabienit.biblioapi.BiblioApiApplicationTests [main] Running with Spring Boot v2.2.1.RELEASE, Spring v5.2.1.RELEASE
2022-03-16 14:24:29,431 INFO com.fabienit.biblioapi.BiblioApiApplicationTests [main] The following profiles are active: dev
2022-03-16 14:24:37,920 DEBUG com.fabienit.biblioapi.configuration.SwaggerConfig$$EnhancerBySpringCGLIB$$b153e97f [main] Set Swagger2 documentation
2022-03-16 14:24:39,518 INFO com.fabienit.biblioapi.BiblioApiApplicationTests [main] Started BiblioApiApplicationTests in 10.62 seconds (JVM running for 12.519)
2022-03-16 14:24:40,170 ERROR org.hibernate.tool.schema.internal.SchemaDropperImpl$DelayedDropActionImpl [SpringContextShutdownHook] HHH000478: Unsuccessful: drop table book if exists
2022-03-16 14:35:09,152 INFO com.fabienit.biblioapi.BiblioApiApplicationTests [main] Starting BiblioApiApplicationTests on FABPC with PID 21132 (started by FaB PC in C:\Users\FaB\Git\Projet 7\bibliothequeocp7\backendApiBiblio)
2022-03-16 14:35:09,158 DEBUG com.fabienit.biblioapi.BiblioApiApplicationTests [main] Running with Spring Boot v2.2.1.RELEASE, Spring v5.2.1.RELEASE
2022-03-16 14:35:09,159 INFO com.fabienit.biblioapi.BiblioApiApplicationTests [main] The following profiles are active: dev
2022-03-16 14:35:18,248 DEBUG com.fabienit.biblioapi.configuration.SwaggerConfig$$EnhancerBySpringCGLIB$$74345b14 [main] Set Swagger2 documentation
2022-03-16 14:35:19,858 INFO com.fabienit.biblioapi.BiblioApiApplicationTests [main] Started BiblioApiApplicationTests in 11.321 seconds (JVM running for 13.162)
2022-03-16 14:35:20,163 ERROR org.hibernate.tool.schema.internal.SchemaDropperImpl$DelayedDropActionImpl [SpringContextShutdownHook] HHH000478: Unsuccessful: drop table book if exists
2022-03-16 14:46:13,063 INFO com.fabienit.biblioapi.BiblioApiApplicationTests [main] Starting BiblioApiApplicationTests on FABPC with PID 11304 (started by FaB PC in C:\Users\FaB\Git\Projet 7\bibliothequeocp7\backendApiBiblio)
2022-03-16 14:46:13,069 DEBUG com.fabienit.biblioapi.BiblioApiApplicationTests [main] Running with Spring Boot v2.2.1.RELEASE, Spring v5.2.1.RELEASE
2022-03-16 14:46:13,069 INFO com.fabienit.biblioapi.BiblioApiApplicationTests [main] The following profiles are active: dev
2022-03-16 14:46:22,095 DEBUG com.fabienit.biblioapi.configuration.SwaggerConfig$$EnhancerBySpringCGLIB$$8037adb9 [main] Set Swagger2 documentation
2022-03-16 14:46:23,802 INFO com.fabienit.biblioapi.BiblioApiApplicationTests [main] Started BiblioApiApplicationTests in 11.301 seconds (JVM running for 12.984)
2022-03-16 14:46:24,176 ERROR org.hibernate.tool.schema.internal.SchemaDropperImpl$DelayedDropActionImpl [SpringContextShutdownHook] HHH000478: Unsuccessful: drop table book if exists
